{"/tmp/workspace/itz4blitz/frontman/test/e2e/helpers/framework.ts": {"path":"/tmp/workspace/itz4blitz/frontman/test/e2e/helpers/framework.ts","statementMap":{"0":{"start":{"line":9,"column":6},"end":{"line":9,"column":null}},"1":{"start":{"line":16,"column":12},"end":{"line":16,"column":null}},"2":{"start":{"line":17,"column":28},"end":{"line":17,"column":null}},"3":{"start":{"line":18,"column":2},"end":{"line":28,"column":null}},"4":{"start":{"line":19,"column":10},"end":{"line":19,"column":null}},"5":{"start":{"line":20,"column":4},"end":{"line":20,"column":null}},"6":{"start":{"line":21,"column":4},"end":{"line":24,"column":null}},"7":{"start":{"line":22,"column":6},"end":{"line":22,"column":null}},"8":{"start":{"line":23,"column":6},"end":{"line":23,"column":null}},"9":{"start":{"line":25,"column":10},"end":{"line":25,"column":null}},"10":{"start":{"line":26,"column":4},"end":{"line":26,"column":null}},"11":{"start":{"line":26,"column":24},"end":{"line":26,"column":null}},"12":{"start":{"line":27,"column":4},"end":{"line":27,"column":null}},"13":{"start":{"line":29,"column":2},"end":{"line":31,"column":null}},"14":{"start":{"line":48,"column":2},"end":{"line":59,"column":null}},"15":{"start":{"line":49,"column":10},"end":{"line":51,"column":null}},"16":{"start":{"line":52,"column":4},"end":{"line":56,"column":null}},"17":{"start":{"line":53,"column":6},"end":{"line":53,"column":null}},"18":{"start":{"line":54,"column":6},"end":{"line":54,"column":null}},"19":{"start":{"line":55,"column":6},"end":{"line":55,"column":null}},"20":{"start":{"line":61,"column":2},"end":{"line":66,"column":null}},"21":{"start":{"line":62,"column":4},"end":{"line":62,"column":null}},"22":{"start":{"line":63,"column":4},"end":{"line":63,"column":null}},"23":{"start":{"line":81,"column":2},"end":{"line":87,"column":null}},"24":{"start":{"line":82,"column":4},"end":{"line":86,"column":null}},"25":{"start":{"line":83,"column":6},"end":{"line":83,"column":null}},"26":{"start":{"line":84,"column":4},"end":{"line":86,"column":null}},"27":{"start":{"line":85,"column":6},"end":{"line":85,"column":null}},"28":{"start":{"line":89,"column":16},"end":{"line":89,"column":null}},"29":{"start":{"line":90,"column":2},"end":{"line":103,"column":null}},"30":{"start":{"line":91,"column":4},"end":{"line":91,"column":null}},"31":{"start":{"line":91,"column":19},"end":{"line":91,"column":null}},"32":{"start":{"line":92,"column":4},"end":{"line":101,"column":null}},"33":{"start":{"line":93,"column":18},"end":{"line":93,"column":null}},"34":{"start":{"line":93,"column":47},"end":{"line":93,"column":51}},"35":{"start":{"line":95,"column":6},"end":{"line":98,"column":null}},"36":{"start":{"line":96,"column":8},"end":{"line":96,"column":null}},"37":{"start":{"line":97,"column":8},"end":{"line":97,"column":null}},"38":{"start":{"line":102,"column":4},"end":{"line":102,"column":null}},"39":{"start":{"line":102,"column":29},"end":{"line":102,"column":47}},"40":{"start":{"line":105,"column":2},"end":{"line":105,"column":null}},"41":{"start":{"line":106,"column":2},"end":{"line":108,"column":null}},"42":{"start":{"line":113,"column":2},"end":{"line":115,"column":null}},"43":{"start":{"line":114,"column":4},"end":{"line":114,"column":null}},"44":{"start":{"line":116,"column":2},"end":{"line":118,"column":null}},"45":{"start":{"line":117,"column":4},"end":{"line":117,"column":null}},"46":{"start":{"line":124,"column":8},"end":{"line":124,"column":null}},"47":{"start":{"line":125,"column":2},"end":{"line":125,"column":null}},"48":{"start":{"line":127,"column":18},"end":{"line":127,"column":null}},"49":{"start":{"line":128,"column":8},"end":{"line":136,"column":null}},"50":{"start":{"line":138,"column":2},"end":{"line":138,"column":null}},"51":{"start":{"line":139,"column":2},"end":{"line":139,"column":null}},"52":{"start":{"line":141,"column":2},"end":{"line":146,"column":null}},"53":{"start":{"line":152,"column":8},"end":{"line":152,"column":null}},"54":{"start":{"line":153,"column":2},"end":{"line":153,"column":null}},"55":{"start":{"line":155,"column":19},"end":{"line":155,"column":null}},"56":{"start":{"line":156,"column":8},"end":{"line":164,"column":null}},"57":{"start":{"line":166,"column":2},"end":{"line":166,"column":null}},"58":{"start":{"line":169,"column":2},"end":{"line":169,"column":null}},"59":{"start":{"line":171,"column":2},"end":{"line":176,"column":null}},"60":{"start":{"line":182,"column":8},"end":{"line":182,"column":null}},"61":{"start":{"line":183,"column":2},"end":{"line":183,"column":null}},"62":{"start":{"line":185,"column":18},"end":{"line":185,"column":null}},"63":{"start":{"line":186,"column":8},"end":{"line":194,"column":null}},"64":{"start":{"line":196,"column":2},"end":{"line":196,"column":null}},"65":{"start":{"line":199,"column":2},"end":{"line":199,"column":null}},"66":{"start":{"line":201,"column":2},"end":{"line":206,"column":null}},"67":{"start":{"line":212,"column":8},"end":{"line":212,"column":null}},"68":{"start":{"line":213,"column":2},"end":{"line":213,"column":null}},"69":{"start":{"line":215,"column":18},"end":{"line":215,"column":null}},"70":{"start":{"line":216,"column":8},"end":{"line":224,"column":null}},"71":{"start":{"line":226,"column":2},"end":{"line":226,"column":null}},"72":{"start":{"line":229,"column":2},"end":{"line":229,"column":null}},"73":{"start":{"line":231,"column":2},"end":{"line":236,"column":null}},"74":{"start":{"line":242,"column":8},"end":{"line":242,"column":null}},"75":{"start":{"line":243,"column":2},"end":{"line":243,"column":null}},"76":{"start":{"line":245,"column":18},"end":{"line":245,"column":null}},"77":{"start":{"line":246,"column":8},"end":{"line":254,"column":null}},"78":{"start":{"line":256,"column":2},"end":{"line":256,"column":null}},"79":{"start":{"line":257,"column":2},"end":{"line":257,"column":null}},"80":{"start":{"line":259,"column":2},"end":{"line":264,"column":null}},"81":{"start":{"line":270,"column":8},"end":{"line":270,"column":null}},"82":{"start":{"line":271,"column":2},"end":{"line":271,"column":null}},"83":{"start":{"line":273,"column":18},"end":{"line":273,"column":null}},"84":{"start":{"line":274,"column":8},"end":{"line":282,"column":null}},"85":{"start":{"line":284,"column":2},"end":{"line":284,"column":null}},"86":{"start":{"line":285,"column":2},"end":{"line":285,"column":null}},"87":{"start":{"line":287,"column":2},"end":{"line":292,"column":null}},"88":{"start":{"line":301,"column":2},"end":{"line":301,"column":null}},"89":{"start":{"line":301,"column":15},"end":{"line":301,"column":null}},"90":{"start":{"line":303,"column":2},"end":{"line":303,"column":null}},"91":{"start":{"line":306,"column":2},"end":{"line":313,"column":null}},"92":{"start":{"line":307,"column":4},"end":{"line":310,"column":null}},"93":{"start":{"line":316,"column":2},"end":{"line":323,"column":null}},"94":{"start":{"line":317,"column":4},"end":{"line":320,"column":null}},"95":{"start":{"line":331,"column":2},"end":{"line":334,"column":null}},"96":{"start":{"line":332,"column":4},"end":{"line":332,"column":null}},"97":{"start":{"line":333,"column":4},"end":{"line":333,"column":null}},"98":{"start":{"line":335,"column":8},"end":{"line":335,"column":null}},"99":{"start":{"line":336,"column":16},"end":{"line":336,"column":null}},"100":{"start":{"line":337,"column":2},"end":{"line":342,"column":null}},"101":{"start":{"line":338,"column":4},"end":{"line":338,"column":null}},"102":{"start":{"line":339,"column":4},"end":{"line":339,"column":null}},"103":{"start":{"line":341,"column":4},"end":{"line":341,"column":null}},"104":{"start":{"line":343,"column":2},"end":{"line":343,"column":null}}},"fnMap":{"0":{"name":"resolveBin","decl":{"start":{"line":15,"column":9},"end":{"line":15,"column":20}},"loc":{"start":{"line":15,"column":60},"end":{"line":32,"column":null}},"line":15},"1":{"name":"killPort","decl":{"start":{"line":46,"column":9},"end":{"line":46,"column":18}},"loc":{"start":{"line":46,"column":38},"end":{"line":67,"column":null}},"line":46},"2":{"name":"waitForReady","decl":{"start":{"line":73,"column":15},"end":{"line":73,"column":null}},"loc":{"start":{"line":78,"column":17},"end":{"line":109,"column":null}},"line":78},"3":{"name":"(anonymous_3)","decl":{"start":{"line":81,"column":18},"end":{"line":81,"column":19}},"loc":{"start":{"line":81,"column":36},"end":{"line":87,"column":3}},"line":81},"4":{"name":"(anonymous_4)","decl":{"start":{"line":93,"column":41},"end":{"line":93,"column":47}},"loc":{"start":{"line":93,"column":47},"end":{"line":93,"column":51}},"line":93},"5":{"name":"(anonymous_5)","decl":{"start":{"line":102,"column":22},"end":{"line":102,"column":23}},"loc":{"start":{"line":102,"column":29},"end":{"line":102,"column":47}},"line":102},"6":{"name":"logOutput","decl":{"start":{"line":112,"column":9},"end":{"line":112,"column":19}},"loc":{"start":{"line":112,"column":60},"end":{"line":119,"column":null}},"line":112},"7":{"name":"(anonymous_7)","decl":{"start":{"line":113,"column":26},"end":{"line":113,"column":27}},"loc":{"start":{"line":113,"column":41},"end":{"line":115,"column":3}},"line":113},"8":{"name":"(anonymous_8)","decl":{"start":{"line":116,"column":26},"end":{"line":116,"column":27}},"loc":{"start":{"line":116,"column":41},"end":{"line":118,"column":3}},"line":116},"9":{"name":"startNextjs","decl":{"start":{"line":123,"column":22},"end":{"line":123,"column":34}},"loc":{"start":{"line":123,"column":74},"end":{"line":147,"column":null}},"line":123},"10":{"name":"startAstro","decl":{"start":{"line":151,"column":22},"end":{"line":151,"column":33}},"loc":{"start":{"line":151,"column":73},"end":{"line":177,"column":null}},"line":151},"11":{"name":"startVite","decl":{"start":{"line":181,"column":22},"end":{"line":181,"column":32}},"loc":{"start":{"line":181,"column":72},"end":{"line":207,"column":null}},"line":181},"12":{"name":"startVueVite","decl":{"start":{"line":211,"column":22},"end":{"line":211,"column":35}},"loc":{"start":{"line":211,"column":75},"end":{"line":237,"column":null}},"line":211},"13":{"name":"startSvelteVite","decl":{"start":{"line":241,"column":22},"end":{"line":241,"column":38}},"loc":{"start":{"line":241,"column":78},"end":{"line":265,"column":null}},"line":241},"14":{"name":"startSolidVite","decl":{"start":{"line":269,"column":22},"end":{"line":269,"column":37}},"loc":{"start":{"line":269,"column":77},"end":{"line":293,"column":null}},"line":269},"15":{"name":"stopFramework","decl":{"start":{"line":298,"column":22},"end":{"line":298,"column":null}},"loc":{"start":{"line":300,"column":17},"end":{"line":324,"column":null}},"line":300},"16":{"name":"headingFileContains","decl":{"start":{"line":327,"column":16},"end":{"line":327,"column":null}},"loc":{"start":{"line":330,"column":11},"end":{"line":344,"column":null}},"line":330}},"branchMap":{"0":{"loc":{"start":{"line":21,"column":4},"end":{"line":24,"column":null}},"type":"if","locations":[{"start":{"line":21,"column":4},"end":{"line":24,"column":null}},{"start":{},"end":{}}],"line":21},"1":{"loc":{"start":{"line":26,"column":4},"end":{"line":26,"column":null}},"type":"if","locations":[{"start":{"line":26,"column":4},"end":{"line":26,"column":null}},{"start":{},"end":{}}],"line":26},"2":{"loc":{"start":{"line":52,"column":4},"end":{"line":56,"column":null}},"type":"if","locations":[{"start":{"line":52,"column":4},"end":{"line":56,"column":null}},{"start":{},"end":{}}],"line":52},"3":{"loc":{"start":{"line":77,"column":2},"end":{"line":77,"column":null}},"type":"default-arg","locations":[{"start":{"line":77,"column":14},"end":{"line":77,"column":null}}],"line":77},"4":{"loc":{"start":{"line":82,"column":4},"end":{"line":86,"column":null}},"type":"if","locations":[{"start":{"line":82,"column":4},"end":{"line":86,"column":null}},{"start":{"line":84,"column":4},"end":{"line":86,"column":null}}],"line":82},"5":{"loc":{"start":{"line":84,"column":4},"end":{"line":86,"column":null}},"type":"if","locations":[{"start":{"line":84,"column":4},"end":{"line":86,"column":null}},{"start":{},"end":{}}],"line":84},"6":{"loc":{"start":{"line":84,"column":15},"end":{"line":84,"column":44}},"type":"binary-expr","locations":[{"start":{"line":84,"column":15},"end":{"line":84,"column":32}},{"start":{"line":84,"column":32},"end":{"line":84,"column":44}}],"line":84},"7":{"loc":{"start":{"line":91,"column":4},"end":{"line":91,"column":null}},"type":"if","locations":[{"start":{"line":91,"column":4},"end":{"line":91,"column":null}},{"start":{},"end":{}}],"line":91},"8":{"loc":{"start":{"line":95,"column":6},"end":{"line":98,"column":null}},"type":"if","locations":[{"start":{"line":95,"column":6},"end":{"line":98,"column":null}},{"start":{},"end":{}}],"line":95},"9":{"loc":{"start":{"line":301,"column":2},"end":{"line":301,"column":null}},"type":"if","locations":[{"start":{"line":301,"column":2},"end":{"line":301,"column":null}},{"start":{},"end":{}}],"line":301},"10":{"loc":{"start":{"line":331,"column":2},"end":{"line":334,"column":null}},"type":"if","locations":[{"start":{"line":331,"column":2},"end":{"line":334,"column":null}},{"start":{},"end":{}}],"line":331},"11":{"loc":{"start":{"line":337,"column":2},"end":{"line":342,"column":null}},"type":"if","locations":[{"start":{"line":337,"column":2},"end":{"line":342,"column":null}},{"start":{"line":340,"column":9},"end":{"line":342,"column":null}}],"line":337}},"s":{"0":1,"1":2,"2":2,"3":2,"4":10,"5":10,"6":10,"7":2,"8":2,"9":8,"10":8,"11":0,"12":8,"13":0,"14":2,"15":2,"16":2,"17":0,"18":0,"19":0,"20":2,"21":2,"22":2,"23":2,"24":0,"25":0,"26":0,"27":0,"28":2,"29":2,"30":2,"31":0,"32":2,"33":2,"34":0,"35":2,"36":2,"37":2,"38":0,"39":0,"40":0,"41":0,"42":2,"43":0,"44":2,"45":0,"46":0,"47":0,"48":0,"49":0,"50":0,"51":0,"52":0,"53":0,"54":0,"55":0,"56":0,"57":0,"58":0,"59":0,"60":0,"61":0,"62":0,"63":0,"64":0,"65":0,"66":0,"67":0,"68":0,"69":0,"70":0,"71":0,"72":0,"73":0,"74":1,"75":1,"76":1,"77":1,"78":1,"79":1,"80":1,"81":1,"82":1,"83":1,"84":1,"85":1,"86":1,"87":1,"88":1,"89":0,"90":1,"91":1,"92":1,"93":1,"94":1,"95":2,"96":0,"97":0,"98":2,"99":2,"100":2,"101":1,"102":1,"103":1,"104":2},"f":{"0":2,"1":2,"2":2,"3":0,"4":0,"5":0,"6":2,"7":0,"8":0,"9":0,"10":0,"11":0,"12":0,"13":1,"14":1,"15":1,"16":2},"b":{"0":[2,8],"1":[0,8],"2":[0,2],"3":[2],"4":[0,0],"5":[0,0],"6":[0,0],"7":[0,2],"8":[2,0],"9":[0,1],"10":[0,2],"11":[1,1]},"meta":{"lastBranch":12,"lastFunction":17,"lastStatement":105,"seen":{"s:9:6:9:Infinity":0,"f:15:9:15:20":0,"s:16:12:16:Infinity":1,"s:17:28:17:Infinity":2,"s:18:2:28:Infinity":3,"s:19:10:19:Infinity":4,"s:20:4:20:Infinity":5,"b:21:4:24:Infinity:undefined:undefined:undefined:undefined":0,"s:21:4:24:Infinity":6,"s:22:6:22:Infinity":7,"s:23:6:23:Infinity":8,"s:25:10:25:Infinity":9,"b:26:4:26:Infinity:undefined:undefined:undefined:undefined":1,"s:26:4:26:Infinity":10,"s:26:24:26:Infinity":11,"s:27:4:27:Infinity":12,"s:29:2:31:Infinity":13,"f:46:9:46:18":1,"s:48:2:59:Infinity":14,"s:49:10:51:Infinity":15,"b:52:4:56:Infinity:undefined:undefined:undefined:undefined":2,"s:52:4:56:Infinity":16,"s:53:6:53:Infinity":17,"s:54:6:54:Infinity":18,"s:55:6:55:Infinity":19,"s:61:2:66:Infinity":20,"s:62:4:62:Infinity":21,"s:63:4:63:Infinity":22,"f:73:15:73:Infinity":2,"b:77:14:77:Infinity":3,"s:81:2:87:Infinity":23,"f:81:18:81:19":3,"b:82:4:86:Infinity:84:4:86:Infinity":4,"s:82:4:86:Infinity":24,"s:83:6:83:Infinity":25,"b:84:4:86:Infinity:undefined:undefined:undefined:undefined":5,"s:84:4:86:Infinity":26,"b:84:15:84:32:84:32:84:44":6,"s:85:6:85:Infinity":27,"s:89:16:89:Infinity":28,"s:90:2:103:Infinity":29,"b:91:4:91:Infinity:undefined:undefined:undefined:undefined":7,"s:91:4:91:Infinity":30,"s:91:19:91:Infinity":31,"s:92:4:101:Infinity":32,"s:93:18:93:Infinity":33,"f:93:41:93:47":4,"s:93:47:93:51":34,"b:95:6:98:Infinity:undefined:undefined:undefined:undefined":8,"s:95:6:98:Infinity":35,"s:96:8:96:Infinity":36,"s:97:8:97:Infinity":37,"s:102:4:102:Infinity":38,"f:102:22:102:23":5,"s:102:29:102:47":39,"s:105:2:105:Infinity":40,"s:106:2:108:Infinity":41,"f:112:9:112:19":6,"s:113:2:115:Infinity":42,"f:113:26:113:27":7,"s:114:4:114:Infinity":43,"s:116:2:118:Infinity":44,"f:116:26:116:27":8,"s:117:4:117:Infinity":45,"f:123:22:123:34":9,"s:124:8:124:Infinity":46,"s:125:2:125:Infinity":47,"s:127:18:127:Infinity":48,"s:128:8:136:Infinity":49,"s:138:2:138:Infinity":50,"s:139:2:139:Infinity":51,"s:141:2:146:Infinity":52,"f:151:22:151:33":10,"s:152:8:152:Infinity":53,"s:153:2:153:Infinity":54,"s:155:19:155:Infinity":55,"s:156:8:164:Infinity":56,"s:166:2:166:Infinity":57,"s:169:2:169:Infinity":58,"s:171:2:176:Infinity":59,"f:181:22:181:32":11,"s:182:8:182:Infinity":60,"s:183:2:183:Infinity":61,"s:185:18:185:Infinity":62,"s:186:8:194:Infinity":63,"s:196:2:196:Infinity":64,"s:199:2:199:Infinity":65,"s:201:2:206:Infinity":66,"f:211:22:211:35":12,"s:212:8:212:Infinity":67,"s:213:2:213:Infinity":68,"s:215:18:215:Infinity":69,"s:216:8:224:Infinity":70,"s:226:2:226:Infinity":71,"s:229:2:229:Infinity":72,"s:231:2:236:Infinity":73,"f:241:22:241:38":13,"s:242:8:242:Infinity":74,"s:243:2:243:Infinity":75,"s:245:18:245:Infinity":76,"s:246:8:254:Infinity":77,"s:256:2:256:Infinity":78,"s:257:2:257:Infinity":79,"s:259:2:264:Infinity":80,"f:269:22:269:37":14,"s:270:8:270:Infinity":81,"s:271:2:271:Infinity":82,"s:273:18:273:Infinity":83,"s:274:8:282:Infinity":84,"s:284:2:284:Infinity":85,"s:285:2:285:Infinity":86,"s:287:2:292:Infinity":87,"f:298:22:298:Infinity":15,"b:301:2:301:Infinity:undefined:undefined:undefined:undefined":9,"s:301:2:301:Infinity":88,"s:301:15:301:Infinity":89,"s:303:2:303:Infinity":90,"s:306:2:313:Infinity":91,"s:307:4:310:Infinity":92,"s:316:2:323:Infinity":93,"s:317:4:320:Infinity":94,"f:327:16:327:Infinity":16,"b:331:2:334:Infinity:undefined:undefined:undefined:undefined":10,"s:331:2:334:Infinity":95,"s:332:4:332:Infinity":96,"s:333:4:333:Infinity":97,"s:335:8:335:Infinity":98,"s:336:16:336:Infinity":99,"b:337:2:342:Infinity:340:9:342:Infinity":11,"s:337:2:342:Infinity":100,"s:338:4:338:Infinity":101,"s:339:4:339:Infinity":102,"s:341:4:341:Infinity":103,"s:343:2:343:Infinity":104}}}
,"/tmp/workspace/itz4blitz/frontman/test/e2e/helpers/installer.ts": {"path":"/tmp/workspace/itz4blitz/frontman/test/e2e/helpers/installer.ts","statementMap":{"0":{"start":{"line":19,"column":6},"end":{"line":19,"column":null}},"1":{"start":{"line":20,"column":24},"end":{"line":20,"column":null}},"2":{"start":{"line":23,"column":2},"end":{"line":27,"column":null}},"3":{"start":{"line":39,"column":8},"end":{"line":39,"column":null}},"4":{"start":{"line":40,"column":8},"end":{"line":40,"column":null}},"5":{"start":{"line":41,"column":2},"end":{"line":45,"column":null}},"6":{"start":{"line":42,"column":4},"end":{"line":44,"column":null}},"7":{"start":{"line":47,"column":2},"end":{"line":47,"column":null}},"8":{"start":{"line":48,"column":2},"end":{"line":48,"column":null}},"9":{"start":{"line":59,"column":8},"end":{"line":59,"column":null}},"10":{"start":{"line":60,"column":8},"end":{"line":60,"column":null}},"11":{"start":{"line":61,"column":2},"end":{"line":65,"column":null}},"12":{"start":{"line":62,"column":4},"end":{"line":64,"column":null}},"13":{"start":{"line":67,"column":2},"end":{"line":67,"column":null}},"14":{"start":{"line":68,"column":2},"end":{"line":68,"column":null}},"15":{"start":{"line":79,"column":8},"end":{"line":79,"column":null}},"16":{"start":{"line":80,"column":8},"end":{"line":80,"column":null}},"17":{"start":{"line":81,"column":2},"end":{"line":85,"column":null}},"18":{"start":{"line":82,"column":4},"end":{"line":84,"column":null}},"19":{"start":{"line":87,"column":2},"end":{"line":87,"column":null}},"20":{"start":{"line":88,"column":2},"end":{"line":88,"column":null}},"21":{"start":{"line":95,"column":8},"end":{"line":95,"column":null}},"22":{"start":{"line":96,"column":8},"end":{"line":96,"column":null}},"23":{"start":{"line":97,"column":2},"end":{"line":101,"column":null}},"24":{"start":{"line":98,"column":4},"end":{"line":100,"column":null}},"25":{"start":{"line":103,"column":2},"end":{"line":103,"column":null}},"26":{"start":{"line":104,"column":2},"end":{"line":104,"column":null}},"27":{"start":{"line":111,"column":8},"end":{"line":111,"column":null}},"28":{"start":{"line":112,"column":8},"end":{"line":112,"column":null}},"29":{"start":{"line":113,"column":2},"end":{"line":117,"column":null}},"30":{"start":{"line":114,"column":4},"end":{"line":116,"column":null}},"31":{"start":{"line":119,"column":2},"end":{"line":119,"column":null}},"32":{"start":{"line":120,"column":2},"end":{"line":120,"column":null}},"33":{"start":{"line":130,"column":8},"end":{"line":130,"column":null}},"34":{"start":{"line":132,"column":2},"end":{"line":132,"column":null}},"35":{"start":{"line":133,"column":17},"end":{"line":139,"column":null}},"36":{"start":{"line":145,"column":2},"end":{"line":145,"column":null}},"37":{"start":{"line":146,"column":2},"end":{"line":146,"column":null}}},"fnMap":{"0":{"name":"runInstaller","decl":{"start":{"line":22,"column":9},"end":{"line":22,"column":22}},"loc":{"start":{"line":22,"column":61},"end":{"line":28,"column":null}},"line":22},"1":{"name":"installNextjs","decl":{"start":{"line":38,"column":16},"end":{"line":38,"column":38}},"loc":{"start":{"line":38,"column":38},"end":{"line":49,"column":null}},"line":38},"2":{"name":"installVite","decl":{"start":{"line":58,"column":16},"end":{"line":58,"column":36}},"loc":{"start":{"line":58,"column":36},"end":{"line":69,"column":null}},"line":58},"3":{"name":"installVueVite","decl":{"start":{"line":78,"column":16},"end":{"line":78,"column":39}},"loc":{"start":{"line":78,"column":39},"end":{"line":89,"column":null}},"line":78},"4":{"name":"installSvelteVite","decl":{"start":{"line":94,"column":16},"end":{"line":94,"column":42}},"loc":{"start":{"line":94,"column":42},"end":{"line":105,"column":null}},"line":94},"5":{"name":"installSolidVite","decl":{"start":{"line":110,"column":16},"end":{"line":110,"column":41}},"loc":{"start":{"line":110,"column":41},"end":{"line":121,"column":null}},"line":110},"6":{"name":"installAstro","decl":{"start":{"line":129,"column":16},"end":{"line":129,"column":37}},"loc":{"start":{"line":129,"column":37},"end":{"line":147,"column":null}},"line":129}},"branchMap":{"0":{"loc":{"start":{"line":41,"column":2},"end":{"line":45,"column":null}},"type":"if","locations":[{"start":{"line":41,"column":2},"end":{"line":45,"column":null}},{"start":{},"end":{}}],"line":41},"1":{"loc":{"start":{"line":61,"column":2},"end":{"line":65,"column":null}},"type":"if","locations":[{"start":{"line":61,"column":2},"end":{"line":65,"column":null}},{"start":{},"end":{}}],"line":61},"2":{"loc":{"start":{"line":81,"column":2},"end":{"line":85,"column":null}},"type":"if","locations":[{"start":{"line":81,"column":2},"end":{"line":85,"column":null}},{"start":{},"end":{}}],"line":81},"3":{"loc":{"start":{"line":97,"column":2},"end":{"line":101,"column":null}},"type":"if","locations":[{"start":{"line":97,"column":2},"end":{"line":101,"column":null}},{"start":{},"end":{}}],"line":97},"4":{"loc":{"start":{"line":113,"column":2},"end":{"line":117,"column":null}},"type":"if","locations":[{"start":{"line":113,"column":2},"end":{"line":117,"column":null}},{"start":{},"end":{}}],"line":113}},"s":{"0":2,"1":2,"2":15,"3":1,"4":1,"5":1,"6":0,"7":1,"8":1,"9":3,"10":3,"11":3,"12":0,"13":3,"14":3,"15":3,"16":3,"17":3,"18":0,"19":3,"20":3,"21":5,"22":5,"23":5,"24":1,"25":4,"26":4,"27":4,"28":4,"29":4,"30":0,"31":4,"32":4,"33":1,"34":1,"35":1,"36":1,"37":1},"f":{"0":15,"1":1,"2":3,"3":3,"4":5,"5":4,"6":1},"b":{"0":[0,1],"1":[0,3],"2":[0,3],"3":[1,4],"4":[0,4]},"meta":{"lastBranch":5,"lastFunction":7,"lastStatement":38,"seen":{"s:19:6:19:Infinity":0,"s:20:24:20:Infinity":1,"f:22:9:22:22":0,"s:23:2:27:Infinity":2,"f:38:16:38:38":1,"s:39:8:39:Infinity":3,"s:40:8:40:Infinity":4,"b:41:2:45:Infinity:undefined:undefined:undefined:undefined":0,"s:41:2:45:Infinity":5,"s:42:4:44:Infinity":6,"s:47:2:47:Infinity":7,"s:48:2:48:Infinity":8,"f:58:16:58:36":2,"s:59:8:59:Infinity":9,"s:60:8:60:Infinity":10,"b:61:2:65:Infinity:undefined:undefined:undefined:undefined":1,"s:61:2:65:Infinity":11,"s:62:4:64:Infinity":12,"s:67:2:67:Infinity":13,"s:68:2:68:Infinity":14,"f:78:16:78:39":3,"s:79:8:79:Infinity":15,"s:80:8:80:Infinity":16,"b:81:2:85:Infinity:undefined:undefined:undefined:undefined":2,"s:81:2:85:Infinity":17,"s:82:4:84:Infinity":18,"s:87:2:87:Infinity":19,"s:88:2:88:Infinity":20,"f:94:16:94:42":4,"s:95:8:95:Infinity":21,"s:96:8:96:Infinity":22,"b:97:2:101:Infinity:undefined:undefined:undefined:undefined":3,"s:97:2:101:Infinity":23,"s:98:4:100:Infinity":24,"s:103:2:103:Infinity":25,"s:104:2:104:Infinity":26,"f:110:16:110:41":5,"s:111:8:111:Infinity":27,"s:112:8:112:Infinity":28,"b:113:2:117:Infinity:undefined:undefined:undefined:undefined":4,"s:113:2:117:Infinity":29,"s:114:4:116:Infinity":30,"s:119:2:119:Infinity":31,"s:120:2:120:Infinity":32,"f:129:16:129:37":6,"s:130:8:130:Infinity":33,"s:132:2:132:Infinity":34,"s:133:17:139:Infinity":35,"s:145:2:145:Infinity":36,"s:146:2:146:Infinity":37}}}
}
